ARM GAS  /var/folders/2r/ldzc7vgx4p51wnq3gxc1dn840000gn/T//ccTzIzT2.s 			page 1


   1              		.cpu cortex-m7
   2              		.arch armv7e-m
   3              		.fpu fpv5-d16
   4              		.eabi_attribute 28, 1
   5              		.eabi_attribute 20, 1
   6              		.eabi_attribute 21, 1
   7              		.eabi_attribute 23, 3
   8              		.eabi_attribute 24, 1
   9              		.eabi_attribute 25, 1
  10              		.eabi_attribute 26, 1
  11              		.eabi_attribute 30, 1
  12              		.eabi_attribute 34, 1
  13              		.eabi_attribute 18, 4
  14              		.file	"system_stm32h7xx.c"
  15              		.text
  16              	.Ltext0:
  17              		.cfi_sections	.debug_frame
  18              		.file 1 "Core/Src/system_stm32h7xx.c"
  19              		.section	.text.SystemInit,"ax",%progbits
  20              		.align	1
  21              		.global	SystemInit
  22              		.syntax unified
  23              		.thumb
  24              		.thumb_func
  26              	SystemInit:
  27              	.LFB350:
   1:Core/Src/system_stm32h7xx.c **** /**
   2:Core/Src/system_stm32h7xx.c ****   ******************************************************************************
   3:Core/Src/system_stm32h7xx.c ****   * @file    system_stm32h7xx.c
   4:Core/Src/system_stm32h7xx.c ****   * @author  MCD Application Team
   5:Core/Src/system_stm32h7xx.c ****   * @brief   CMSIS Cortex-Mx Device Peripheral Access Layer System Source File.
   6:Core/Src/system_stm32h7xx.c ****   *
   7:Core/Src/system_stm32h7xx.c ****   *   This file provides two functions and one global variable to be called from
   8:Core/Src/system_stm32h7xx.c ****   *   user application:
   9:Core/Src/system_stm32h7xx.c ****   *      - ExitRun0Mode(): Specifies the Power Supply source. This function is
  10:Core/Src/system_stm32h7xx.c ****   *                        called at startup just after reset and before the call
  11:Core/Src/system_stm32h7xx.c ****   *                        of SystemInit(). This call is made inside
  12:Core/Src/system_stm32h7xx.c ****   *                        the "startup_stm32h7xx.s" file.
  13:Core/Src/system_stm32h7xx.c ****   *
  14:Core/Src/system_stm32h7xx.c ****   *      - SystemInit(): This function is called at startup just after reset and
  15:Core/Src/system_stm32h7xx.c ****   *                      before branch to main program. This call is made inside
  16:Core/Src/system_stm32h7xx.c ****   *                      the "startup_stm32h7xx.s" file.
  17:Core/Src/system_stm32h7xx.c ****   *
  18:Core/Src/system_stm32h7xx.c ****   *      - SystemCoreClock variable: Contains the core clock, it can be used
  19:Core/Src/system_stm32h7xx.c ****   *                                  by the user application to setup the SysTick
  20:Core/Src/system_stm32h7xx.c ****   *                                  timer or configure other parameters.
  21:Core/Src/system_stm32h7xx.c ****   *
  22:Core/Src/system_stm32h7xx.c ****   *      - SystemCoreClockUpdate(): Updates the variable SystemCoreClock and must
  23:Core/Src/system_stm32h7xx.c ****   *                                 be called whenever the core clock is changed
  24:Core/Src/system_stm32h7xx.c ****   *                                 during program execution.
  25:Core/Src/system_stm32h7xx.c ****   *
  26:Core/Src/system_stm32h7xx.c ****   *
  27:Core/Src/system_stm32h7xx.c ****   ******************************************************************************
  28:Core/Src/system_stm32h7xx.c ****   * @attention
  29:Core/Src/system_stm32h7xx.c ****   *
  30:Core/Src/system_stm32h7xx.c ****   * Copyright (c) 2017 STMicroelectronics.
  31:Core/Src/system_stm32h7xx.c ****   * All rights reserved.
ARM GAS  /var/folders/2r/ldzc7vgx4p51wnq3gxc1dn840000gn/T//ccTzIzT2.s 			page 2


  32:Core/Src/system_stm32h7xx.c ****   *
  33:Core/Src/system_stm32h7xx.c ****   * This software is licensed under terms that can be found in the LICENSE file
  34:Core/Src/system_stm32h7xx.c ****   * in the root directory of this software component.
  35:Core/Src/system_stm32h7xx.c ****   * If no LICENSE file comes with this software, it is provided AS-IS.
  36:Core/Src/system_stm32h7xx.c ****   *
  37:Core/Src/system_stm32h7xx.c ****   ******************************************************************************
  38:Core/Src/system_stm32h7xx.c ****   */
  39:Core/Src/system_stm32h7xx.c **** 
  40:Core/Src/system_stm32h7xx.c **** /** @addtogroup CMSIS
  41:Core/Src/system_stm32h7xx.c ****   * @{
  42:Core/Src/system_stm32h7xx.c ****   */
  43:Core/Src/system_stm32h7xx.c **** 
  44:Core/Src/system_stm32h7xx.c **** /** @addtogroup stm32h7xx_system
  45:Core/Src/system_stm32h7xx.c ****   * @{
  46:Core/Src/system_stm32h7xx.c ****   */
  47:Core/Src/system_stm32h7xx.c **** 
  48:Core/Src/system_stm32h7xx.c **** /** @addtogroup STM32H7xx_System_Private_Includes
  49:Core/Src/system_stm32h7xx.c ****   * @{
  50:Core/Src/system_stm32h7xx.c ****   */
  51:Core/Src/system_stm32h7xx.c **** 
  52:Core/Src/system_stm32h7xx.c **** #include "stm32h7xx.h"
  53:Core/Src/system_stm32h7xx.c **** #include <math.h>
  54:Core/Src/system_stm32h7xx.c **** 
  55:Core/Src/system_stm32h7xx.c **** #if !defined  (HSE_VALUE)
  56:Core/Src/system_stm32h7xx.c **** #define HSE_VALUE    ((uint32_t)25000000) /*!< Value of the External oscillator in Hz */
  57:Core/Src/system_stm32h7xx.c **** #endif /* HSE_VALUE */
  58:Core/Src/system_stm32h7xx.c **** 
  59:Core/Src/system_stm32h7xx.c **** #if !defined  (CSI_VALUE)
  60:Core/Src/system_stm32h7xx.c ****   #define CSI_VALUE    ((uint32_t)4000000) /*!< Value of the Internal oscillator in Hz*/
  61:Core/Src/system_stm32h7xx.c **** #endif /* CSI_VALUE */
  62:Core/Src/system_stm32h7xx.c **** 
  63:Core/Src/system_stm32h7xx.c **** #if !defined  (HSI_VALUE)
  64:Core/Src/system_stm32h7xx.c ****   #define HSI_VALUE    ((uint32_t)64000000) /*!< Value of the Internal oscillator in Hz*/
  65:Core/Src/system_stm32h7xx.c **** #endif /* HSI_VALUE */
  66:Core/Src/system_stm32h7xx.c **** 
  67:Core/Src/system_stm32h7xx.c **** 
  68:Core/Src/system_stm32h7xx.c **** /**
  69:Core/Src/system_stm32h7xx.c ****   * @}
  70:Core/Src/system_stm32h7xx.c ****   */
  71:Core/Src/system_stm32h7xx.c **** 
  72:Core/Src/system_stm32h7xx.c **** /** @addtogroup STM32H7xx_System_Private_TypesDefinitions
  73:Core/Src/system_stm32h7xx.c ****   * @{
  74:Core/Src/system_stm32h7xx.c ****   */
  75:Core/Src/system_stm32h7xx.c **** 
  76:Core/Src/system_stm32h7xx.c **** /**
  77:Core/Src/system_stm32h7xx.c ****   * @}
  78:Core/Src/system_stm32h7xx.c ****   */
  79:Core/Src/system_stm32h7xx.c **** 
  80:Core/Src/system_stm32h7xx.c **** /** @addtogroup STM32H7xx_System_Private_Defines
  81:Core/Src/system_stm32h7xx.c ****   * @{
  82:Core/Src/system_stm32h7xx.c ****   */
  83:Core/Src/system_stm32h7xx.c **** 
  84:Core/Src/system_stm32h7xx.c **** /************************* Miscellaneous Configuration ************************/
  85:Core/Src/system_stm32h7xx.c **** /*!< Uncomment the following line if you need to use initialized data in D2 domain SRAM (AHB SRAM) 
  86:Core/Src/system_stm32h7xx.c **** /* #define DATA_IN_D2_SRAM */
  87:Core/Src/system_stm32h7xx.c **** 
  88:Core/Src/system_stm32h7xx.c **** /* Note: Following vector table addresses must be defined in line with linker
ARM GAS  /var/folders/2r/ldzc7vgx4p51wnq3gxc1dn840000gn/T//ccTzIzT2.s 			page 3


  89:Core/Src/system_stm32h7xx.c ****          configuration. */
  90:Core/Src/system_stm32h7xx.c **** /*!< Uncomment the following line if you need to relocate the vector table
  91:Core/Src/system_stm32h7xx.c ****      anywhere in FLASH BANK1 or AXI SRAM, else the vector table is kept at the automatic
  92:Core/Src/system_stm32h7xx.c ****      remap of boot address selected */
  93:Core/Src/system_stm32h7xx.c **** /* #define USER_VECT_TAB_ADDRESS */
  94:Core/Src/system_stm32h7xx.c **** 
  95:Core/Src/system_stm32h7xx.c **** #if defined(USER_VECT_TAB_ADDRESS)
  96:Core/Src/system_stm32h7xx.c **** #if defined(DUAL_CORE) && defined(CORE_CM4)
  97:Core/Src/system_stm32h7xx.c **** /*!< Uncomment the following line if you need to relocate your vector Table
  98:Core/Src/system_stm32h7xx.c ****      in D2 AXI SRAM else user remap will be done in FLASH BANK2. */
  99:Core/Src/system_stm32h7xx.c **** /* #define VECT_TAB_SRAM */
 100:Core/Src/system_stm32h7xx.c **** #if defined(VECT_TAB_SRAM)
 101:Core/Src/system_stm32h7xx.c **** #define VECT_TAB_BASE_ADDRESS   D2_AXISRAM_BASE   /*!< Vector Table base address field.
 102:Core/Src/system_stm32h7xx.c ****                                                        This value must be a multiple of 0x400. */
 103:Core/Src/system_stm32h7xx.c **** #define VECT_TAB_OFFSET         0x00000000U       /*!< Vector Table base offset field.
 104:Core/Src/system_stm32h7xx.c ****                                                        This value must be a multiple of 0x400. */
 105:Core/Src/system_stm32h7xx.c **** #else
 106:Core/Src/system_stm32h7xx.c **** #define VECT_TAB_BASE_ADDRESS   FLASH_BANK2_BASE  /*!< Vector Table base address field.
 107:Core/Src/system_stm32h7xx.c ****                                                        This value must be a multiple of 0x400. */
 108:Core/Src/system_stm32h7xx.c **** #define VECT_TAB_OFFSET         0x00000000U       /*!< Vector Table base offset field.
 109:Core/Src/system_stm32h7xx.c ****                                                        This value must be a multiple of 0x400. */
 110:Core/Src/system_stm32h7xx.c **** #endif /* VECT_TAB_SRAM */
 111:Core/Src/system_stm32h7xx.c **** #else
 112:Core/Src/system_stm32h7xx.c **** /*!< Uncomment the following line if you need to relocate your vector Table
 113:Core/Src/system_stm32h7xx.c ****      in D1 AXI SRAM else user remap will be done in FLASH BANK1. */
 114:Core/Src/system_stm32h7xx.c **** /* #define VECT_TAB_SRAM */
 115:Core/Src/system_stm32h7xx.c **** #if defined(VECT_TAB_SRAM)
 116:Core/Src/system_stm32h7xx.c **** #define VECT_TAB_BASE_ADDRESS   D1_AXISRAM_BASE   /*!< Vector Table base address field.
 117:Core/Src/system_stm32h7xx.c ****                                                        This value must be a multiple of 0x400. */
 118:Core/Src/system_stm32h7xx.c **** #define VECT_TAB_OFFSET         0x00000000U       /*!< Vector Table base offset field.
 119:Core/Src/system_stm32h7xx.c ****                                                        This value must be a multiple of 0x400. */
 120:Core/Src/system_stm32h7xx.c **** #else
 121:Core/Src/system_stm32h7xx.c **** #define VECT_TAB_BASE_ADDRESS   FLASH_BANK1_BASE  /*!< Vector Table base address field.
 122:Core/Src/system_stm32h7xx.c ****                                                        This value must be a multiple of 0x400. */
 123:Core/Src/system_stm32h7xx.c **** #define VECT_TAB_OFFSET         0x00000000U       /*!< Vector Table base offset field.
 124:Core/Src/system_stm32h7xx.c ****                                                        This value must be a multiple of 0x400. */
 125:Core/Src/system_stm32h7xx.c **** #endif /* VECT_TAB_SRAM */
 126:Core/Src/system_stm32h7xx.c **** #endif /* DUAL_CORE && CORE_CM4 */
 127:Core/Src/system_stm32h7xx.c **** #endif /* USER_VECT_TAB_ADDRESS */
 128:Core/Src/system_stm32h7xx.c **** /******************************************************************************/
 129:Core/Src/system_stm32h7xx.c **** 
 130:Core/Src/system_stm32h7xx.c **** /**
 131:Core/Src/system_stm32h7xx.c ****   * @}
 132:Core/Src/system_stm32h7xx.c ****   */
 133:Core/Src/system_stm32h7xx.c **** 
 134:Core/Src/system_stm32h7xx.c **** /** @addtogroup STM32H7xx_System_Private_Macros
 135:Core/Src/system_stm32h7xx.c ****   * @{
 136:Core/Src/system_stm32h7xx.c ****   */
 137:Core/Src/system_stm32h7xx.c **** 
 138:Core/Src/system_stm32h7xx.c **** /**
 139:Core/Src/system_stm32h7xx.c ****   * @}
 140:Core/Src/system_stm32h7xx.c ****   */
 141:Core/Src/system_stm32h7xx.c **** 
 142:Core/Src/system_stm32h7xx.c **** /** @addtogroup STM32H7xx_System_Private_Variables
 143:Core/Src/system_stm32h7xx.c ****   * @{
 144:Core/Src/system_stm32h7xx.c ****   */
 145:Core/Src/system_stm32h7xx.c ****   /* This variable is updated in three ways:
ARM GAS  /var/folders/2r/ldzc7vgx4p51wnq3gxc1dn840000gn/T//ccTzIzT2.s 			page 4


 146:Core/Src/system_stm32h7xx.c ****       1) by calling CMSIS function SystemCoreClockUpdate()
 147:Core/Src/system_stm32h7xx.c ****       2) by calling HAL API function HAL_RCC_GetHCLKFreq()
 148:Core/Src/system_stm32h7xx.c ****       3) each time HAL_RCC_ClockConfig() is called to configure the system clock frequency
 149:Core/Src/system_stm32h7xx.c ****          Note: If you use this function to configure the system clock; then there
 150:Core/Src/system_stm32h7xx.c ****                is no need to call the 2 first functions listed above, since SystemCoreClock
 151:Core/Src/system_stm32h7xx.c ****                variable is updated automatically.
 152:Core/Src/system_stm32h7xx.c ****   */
 153:Core/Src/system_stm32h7xx.c ****   uint32_t SystemCoreClock = 64000000;
 154:Core/Src/system_stm32h7xx.c ****   uint32_t SystemD2Clock = 64000000;
 155:Core/Src/system_stm32h7xx.c ****   const  uint8_t D1CorePrescTable[16] = {0, 0, 0, 0, 1, 2, 3, 4, 1, 2, 3, 4, 6, 7, 8, 9};
 156:Core/Src/system_stm32h7xx.c **** 
 157:Core/Src/system_stm32h7xx.c **** /**
 158:Core/Src/system_stm32h7xx.c ****   * @}
 159:Core/Src/system_stm32h7xx.c ****   */
 160:Core/Src/system_stm32h7xx.c **** 
 161:Core/Src/system_stm32h7xx.c **** /** @addtogroup STM32H7xx_System_Private_FunctionPrototypes
 162:Core/Src/system_stm32h7xx.c ****   * @{
 163:Core/Src/system_stm32h7xx.c ****   */
 164:Core/Src/system_stm32h7xx.c **** 
 165:Core/Src/system_stm32h7xx.c **** /**
 166:Core/Src/system_stm32h7xx.c ****   * @}
 167:Core/Src/system_stm32h7xx.c ****   */
 168:Core/Src/system_stm32h7xx.c **** 
 169:Core/Src/system_stm32h7xx.c **** /** @addtogroup STM32H7xx_System_Private_Functions
 170:Core/Src/system_stm32h7xx.c ****   * @{
 171:Core/Src/system_stm32h7xx.c ****   */
 172:Core/Src/system_stm32h7xx.c **** 
 173:Core/Src/system_stm32h7xx.c **** /**
 174:Core/Src/system_stm32h7xx.c ****   * @brief  Setup the microcontroller system
 175:Core/Src/system_stm32h7xx.c ****   *         Initialize the FPU setting and  vector table location
 176:Core/Src/system_stm32h7xx.c ****   *         configuration.
 177:Core/Src/system_stm32h7xx.c ****   * @param  None
 178:Core/Src/system_stm32h7xx.c ****   * @retval None
 179:Core/Src/system_stm32h7xx.c ****   */
 180:Core/Src/system_stm32h7xx.c **** void SystemInit (void)
 181:Core/Src/system_stm32h7xx.c **** {
  28              		.loc 1 181 1 view -0
  29              		.cfi_startproc
  30              		@ args = 0, pretend = 0, frame = 0
  31              		@ frame_needed = 0, uses_anonymous_args = 0
  32              		@ link register save eliminated.
 182:Core/Src/system_stm32h7xx.c **** #if defined (DATA_IN_D2_SRAM)
 183:Core/Src/system_stm32h7xx.c ****  __IO uint32_t tmpreg;
 184:Core/Src/system_stm32h7xx.c **** #endif /* DATA_IN_D2_SRAM */
 185:Core/Src/system_stm32h7xx.c **** 
 186:Core/Src/system_stm32h7xx.c ****   /* FPU settings ------------------------------------------------------------*/
 187:Core/Src/system_stm32h7xx.c ****   #if (__FPU_PRESENT == 1) && (__FPU_USED == 1)
 188:Core/Src/system_stm32h7xx.c ****     SCB->CPACR |= ((3UL << (10*2))|(3UL << (11*2)));  /* set CP10 and CP11 Full Access */
  33              		.loc 1 188 5 view .LVU1
  34              		.loc 1 188 8 is_stmt 0 view .LVU2
  35 0000 2B4A     		ldr	r2, .L5
  36 0002 D2F88830 		ldr	r3, [r2, #136]
  37              		.loc 1 188 16 view .LVU3
  38 0006 43F47003 		orr	r3, r3, #15728640
  39 000a C2F88830 		str	r3, [r2, #136]
 189:Core/Src/system_stm32h7xx.c ****   #endif
 190:Core/Src/system_stm32h7xx.c ****   /* Reset the RCC clock configuration to the default reset state ------------*/
ARM GAS  /var/folders/2r/ldzc7vgx4p51wnq3gxc1dn840000gn/T//ccTzIzT2.s 			page 5


 191:Core/Src/system_stm32h7xx.c **** 
 192:Core/Src/system_stm32h7xx.c ****    /* Increasing the CPU frequency */
 193:Core/Src/system_stm32h7xx.c ****   if(FLASH_LATENCY_DEFAULT  > (READ_BIT((FLASH->ACR), FLASH_ACR_LATENCY)))
  40              		.loc 1 193 3 is_stmt 1 view .LVU4
  41              		.loc 1 193 32 is_stmt 0 view .LVU5
  42 000e 294B     		ldr	r3, .L5+4
  43 0010 1B68     		ldr	r3, [r3]
  44 0012 03F00F03 		and	r3, r3, #15
  45              		.loc 1 193 5 view .LVU6
  46 0016 062B     		cmp	r3, #6
  47 0018 06D8     		bhi	.L2
 194:Core/Src/system_stm32h7xx.c ****   {
 195:Core/Src/system_stm32h7xx.c ****     /* Program the new number of wait states to the LATENCY bits in the FLASH_ACR register */
 196:Core/Src/system_stm32h7xx.c ****     MODIFY_REG(FLASH->ACR, FLASH_ACR_LATENCY, (uint32_t)(FLASH_LATENCY_DEFAULT));
  48              		.loc 1 196 5 is_stmt 1 view .LVU7
  49 001a 264A     		ldr	r2, .L5+4
  50 001c 1368     		ldr	r3, [r2]
  51 001e 23F00F03 		bic	r3, r3, #15
  52 0022 43F00703 		orr	r3, r3, #7
  53 0026 1360     		str	r3, [r2]
  54              	.L2:
 197:Core/Src/system_stm32h7xx.c ****   }
 198:Core/Src/system_stm32h7xx.c **** 
 199:Core/Src/system_stm32h7xx.c ****   /* Set HSION bit */
 200:Core/Src/system_stm32h7xx.c ****   RCC->CR |= RCC_CR_HSION;
  55              		.loc 1 200 3 view .LVU8
  56              		.loc 1 200 6 is_stmt 0 view .LVU9
  57 0028 234B     		ldr	r3, .L5+8
  58 002a 1A68     		ldr	r2, [r3]
  59              		.loc 1 200 11 view .LVU10
  60 002c 42F00102 		orr	r2, r2, #1
  61 0030 1A60     		str	r2, [r3]
 201:Core/Src/system_stm32h7xx.c **** 
 202:Core/Src/system_stm32h7xx.c ****   /* Reset CFGR register */
 203:Core/Src/system_stm32h7xx.c ****   RCC->CFGR = 0x00000000;
  62              		.loc 1 203 3 is_stmt 1 view .LVU11
  63              		.loc 1 203 13 is_stmt 0 view .LVU12
  64 0032 0022     		movs	r2, #0
  65 0034 1A61     		str	r2, [r3, #16]
 204:Core/Src/system_stm32h7xx.c **** 
 205:Core/Src/system_stm32h7xx.c ****   /* Reset HSEON, HSECSSON, CSION, HSI48ON, CSIKERON, PLL1ON, PLL2ON and PLL3ON bits */
 206:Core/Src/system_stm32h7xx.c ****   RCC->CR &= 0xEAF6ED7FU;
  66              		.loc 1 206 3 is_stmt 1 view .LVU13
  67              		.loc 1 206 6 is_stmt 0 view .LVU14
  68 0036 1968     		ldr	r1, [r3]
  69              		.loc 1 206 11 view .LVU15
  70 0038 204A     		ldr	r2, .L5+12
  71 003a 0A40     		ands	r2, r2, r1
  72 003c 1A60     		str	r2, [r3]
 207:Core/Src/system_stm32h7xx.c **** 
 208:Core/Src/system_stm32h7xx.c ****    /* Decreasing the number of wait states because of lower CPU frequency */
 209:Core/Src/system_stm32h7xx.c ****   if(FLASH_LATENCY_DEFAULT  < (READ_BIT((FLASH->ACR), FLASH_ACR_LATENCY)))
  73              		.loc 1 209 3 is_stmt 1 view .LVU16
  74              		.loc 1 209 32 is_stmt 0 view .LVU17
  75 003e 1D4B     		ldr	r3, .L5+4
  76 0040 1B68     		ldr	r3, [r3]
  77              		.loc 1 209 5 view .LVU18
ARM GAS  /var/folders/2r/ldzc7vgx4p51wnq3gxc1dn840000gn/T//ccTzIzT2.s 			page 6


  78 0042 13F0080F 		tst	r3, #8
  79 0046 06D0     		beq	.L3
 210:Core/Src/system_stm32h7xx.c ****   {
 211:Core/Src/system_stm32h7xx.c ****     /* Program the new number of wait states to the LATENCY bits in the FLASH_ACR register */
 212:Core/Src/system_stm32h7xx.c ****     MODIFY_REG(FLASH->ACR, FLASH_ACR_LATENCY, (uint32_t)(FLASH_LATENCY_DEFAULT));
  80              		.loc 1 212 5 is_stmt 1 view .LVU19
  81 0048 1A4A     		ldr	r2, .L5+4
  82 004a 1368     		ldr	r3, [r2]
  83 004c 23F00F03 		bic	r3, r3, #15
  84 0050 43F00703 		orr	r3, r3, #7
  85 0054 1360     		str	r3, [r2]
  86              	.L3:
 213:Core/Src/system_stm32h7xx.c ****   }
 214:Core/Src/system_stm32h7xx.c **** 
 215:Core/Src/system_stm32h7xx.c **** #if defined(D3_SRAM_BASE)
 216:Core/Src/system_stm32h7xx.c ****   /* Reset D1CFGR register */
 217:Core/Src/system_stm32h7xx.c ****   RCC->D1CFGR = 0x00000000;
  87              		.loc 1 217 3 view .LVU20
  88              		.loc 1 217 15 is_stmt 0 view .LVU21
  89 0056 184B     		ldr	r3, .L5+8
  90 0058 0022     		movs	r2, #0
  91 005a 9A61     		str	r2, [r3, #24]
 218:Core/Src/system_stm32h7xx.c **** 
 219:Core/Src/system_stm32h7xx.c ****   /* Reset D2CFGR register */
 220:Core/Src/system_stm32h7xx.c ****   RCC->D2CFGR = 0x00000000;
  92              		.loc 1 220 3 is_stmt 1 view .LVU22
  93              		.loc 1 220 15 is_stmt 0 view .LVU23
  94 005c DA61     		str	r2, [r3, #28]
 221:Core/Src/system_stm32h7xx.c **** 
 222:Core/Src/system_stm32h7xx.c ****   /* Reset D3CFGR register */
 223:Core/Src/system_stm32h7xx.c ****   RCC->D3CFGR = 0x00000000;
  95              		.loc 1 223 3 is_stmt 1 view .LVU24
  96              		.loc 1 223 15 is_stmt 0 view .LVU25
  97 005e 1A62     		str	r2, [r3, #32]
 224:Core/Src/system_stm32h7xx.c **** #else
 225:Core/Src/system_stm32h7xx.c ****   /* Reset CDCFGR1 register */
 226:Core/Src/system_stm32h7xx.c ****   RCC->CDCFGR1 = 0x00000000;
 227:Core/Src/system_stm32h7xx.c **** 
 228:Core/Src/system_stm32h7xx.c ****   /* Reset CDCFGR2 register */
 229:Core/Src/system_stm32h7xx.c ****   RCC->CDCFGR2 = 0x00000000;
 230:Core/Src/system_stm32h7xx.c **** 
 231:Core/Src/system_stm32h7xx.c ****   /* Reset SRDCFGR register */
 232:Core/Src/system_stm32h7xx.c ****   RCC->SRDCFGR = 0x00000000;
 233:Core/Src/system_stm32h7xx.c **** #endif
 234:Core/Src/system_stm32h7xx.c ****   /* Reset PLLCKSELR register */
 235:Core/Src/system_stm32h7xx.c ****   RCC->PLLCKSELR = 0x02020200;
  98              		.loc 1 235 3 is_stmt 1 view .LVU26
  99              		.loc 1 235 18 is_stmt 0 view .LVU27
 100 0060 1749     		ldr	r1, .L5+16
 101 0062 9962     		str	r1, [r3, #40]
 236:Core/Src/system_stm32h7xx.c **** 
 237:Core/Src/system_stm32h7xx.c ****   /* Reset PLLCFGR register */
 238:Core/Src/system_stm32h7xx.c ****   RCC->PLLCFGR = 0x01FF0000;
 102              		.loc 1 238 3 is_stmt 1 view .LVU28
 103              		.loc 1 238 16 is_stmt 0 view .LVU29
 104 0064 1749     		ldr	r1, .L5+20
 105 0066 D962     		str	r1, [r3, #44]
ARM GAS  /var/folders/2r/ldzc7vgx4p51wnq3gxc1dn840000gn/T//ccTzIzT2.s 			page 7


 239:Core/Src/system_stm32h7xx.c ****   /* Reset PLL1DIVR register */
 240:Core/Src/system_stm32h7xx.c ****   RCC->PLL1DIVR = 0x01010280;
 106              		.loc 1 240 3 is_stmt 1 view .LVU30
 107              		.loc 1 240 17 is_stmt 0 view .LVU31
 108 0068 1749     		ldr	r1, .L5+24
 109 006a 1963     		str	r1, [r3, #48]
 241:Core/Src/system_stm32h7xx.c ****   /* Reset PLL1FRACR register */
 242:Core/Src/system_stm32h7xx.c ****   RCC->PLL1FRACR = 0x00000000;
 110              		.loc 1 242 3 is_stmt 1 view .LVU32
 111              		.loc 1 242 18 is_stmt 0 view .LVU33
 112 006c 5A63     		str	r2, [r3, #52]
 243:Core/Src/system_stm32h7xx.c **** 
 244:Core/Src/system_stm32h7xx.c ****   /* Reset PLL2DIVR register */
 245:Core/Src/system_stm32h7xx.c ****   RCC->PLL2DIVR = 0x01010280;
 113              		.loc 1 245 3 is_stmt 1 view .LVU34
 114              		.loc 1 245 17 is_stmt 0 view .LVU35
 115 006e 9963     		str	r1, [r3, #56]
 246:Core/Src/system_stm32h7xx.c **** 
 247:Core/Src/system_stm32h7xx.c ****   /* Reset PLL2FRACR register */
 248:Core/Src/system_stm32h7xx.c **** 
 249:Core/Src/system_stm32h7xx.c ****   RCC->PLL2FRACR = 0x00000000;
 116              		.loc 1 249 3 is_stmt 1 view .LVU36
 117              		.loc 1 249 18 is_stmt 0 view .LVU37
 118 0070 DA63     		str	r2, [r3, #60]
 250:Core/Src/system_stm32h7xx.c ****   /* Reset PLL3DIVR register */
 251:Core/Src/system_stm32h7xx.c ****   RCC->PLL3DIVR = 0x01010280;
 119              		.loc 1 251 3 is_stmt 1 view .LVU38
 120              		.loc 1 251 17 is_stmt 0 view .LVU39
 121 0072 1964     		str	r1, [r3, #64]
 252:Core/Src/system_stm32h7xx.c **** 
 253:Core/Src/system_stm32h7xx.c ****   /* Reset PLL3FRACR register */
 254:Core/Src/system_stm32h7xx.c ****   RCC->PLL3FRACR = 0x00000000;
 122              		.loc 1 254 3 is_stmt 1 view .LVU40
 123              		.loc 1 254 18 is_stmt 0 view .LVU41
 124 0074 5A64     		str	r2, [r3, #68]
 255:Core/Src/system_stm32h7xx.c **** 
 256:Core/Src/system_stm32h7xx.c ****   /* Reset HSEBYP bit */
 257:Core/Src/system_stm32h7xx.c ****   RCC->CR &= 0xFFFBFFFFU;
 125              		.loc 1 257 3 is_stmt 1 view .LVU42
 126              		.loc 1 257 6 is_stmt 0 view .LVU43
 127 0076 1968     		ldr	r1, [r3]
 128              		.loc 1 257 11 view .LVU44
 129 0078 21F48021 		bic	r1, r1, #262144
 130 007c 1960     		str	r1, [r3]
 258:Core/Src/system_stm32h7xx.c **** 
 259:Core/Src/system_stm32h7xx.c ****   /* Disable all interrupts */
 260:Core/Src/system_stm32h7xx.c ****   RCC->CIER = 0x00000000;
 131              		.loc 1 260 3 is_stmt 1 view .LVU45
 132              		.loc 1 260 13 is_stmt 0 view .LVU46
 133 007e 1A66     		str	r2, [r3, #96]
 261:Core/Src/system_stm32h7xx.c **** 
 262:Core/Src/system_stm32h7xx.c **** #if (STM32H7_DEV_ID == 0x450UL)
 263:Core/Src/system_stm32h7xx.c ****   /* dual core CM7 or single core line */
 264:Core/Src/system_stm32h7xx.c ****   if((DBGMCU->IDCODE & 0xFFFF0000U) < 0x20000000U)
 265:Core/Src/system_stm32h7xx.c ****   {
 266:Core/Src/system_stm32h7xx.c ****     /* if stm32h7 revY*/
 267:Core/Src/system_stm32h7xx.c ****     /* Change  the switch matrix read issuing capability to 1 for the AXI SRAM target (Target 7) */
ARM GAS  /var/folders/2r/ldzc7vgx4p51wnq3gxc1dn840000gn/T//ccTzIzT2.s 			page 8


 268:Core/Src/system_stm32h7xx.c ****     *((__IO uint32_t*)0x51008108) = 0x000000001U;
 269:Core/Src/system_stm32h7xx.c ****   }
 270:Core/Src/system_stm32h7xx.c **** #endif /* STM32H7_DEV_ID */
 271:Core/Src/system_stm32h7xx.c **** 
 272:Core/Src/system_stm32h7xx.c **** #if defined(DATA_IN_D2_SRAM)
 273:Core/Src/system_stm32h7xx.c ****   /* in case of initialized data in D2 SRAM (AHB SRAM), enable the D2 SRAM clock (AHB SRAM clock) *
 274:Core/Src/system_stm32h7xx.c **** #if defined(RCC_AHB2ENR_D2SRAM3EN)
 275:Core/Src/system_stm32h7xx.c ****   RCC->AHB2ENR |= (RCC_AHB2ENR_D2SRAM1EN | RCC_AHB2ENR_D2SRAM2EN | RCC_AHB2ENR_D2SRAM3EN);
 276:Core/Src/system_stm32h7xx.c **** #elif defined(RCC_AHB2ENR_D2SRAM2EN)
 277:Core/Src/system_stm32h7xx.c ****   RCC->AHB2ENR |= (RCC_AHB2ENR_D2SRAM1EN | RCC_AHB2ENR_D2SRAM2EN);
 278:Core/Src/system_stm32h7xx.c **** #else
 279:Core/Src/system_stm32h7xx.c ****   RCC->AHB2ENR |= (RCC_AHB2ENR_AHBSRAM1EN | RCC_AHB2ENR_AHBSRAM2EN);
 280:Core/Src/system_stm32h7xx.c **** #endif /* RCC_AHB2ENR_D2SRAM3EN */
 281:Core/Src/system_stm32h7xx.c **** 
 282:Core/Src/system_stm32h7xx.c ****   tmpreg = RCC->AHB2ENR;
 283:Core/Src/system_stm32h7xx.c ****   (void) tmpreg;
 284:Core/Src/system_stm32h7xx.c **** #endif /* DATA_IN_D2_SRAM */
 285:Core/Src/system_stm32h7xx.c **** 
 286:Core/Src/system_stm32h7xx.c **** #if defined(DUAL_CORE) && defined(CORE_CM4)
 287:Core/Src/system_stm32h7xx.c ****   /* Configure the Vector Table location add offset address for cortex-M4 ------------------*/
 288:Core/Src/system_stm32h7xx.c **** #if defined(USER_VECT_TAB_ADDRESS)
 289:Core/Src/system_stm32h7xx.c ****   SCB->VTOR = VECT_TAB_BASE_ADDRESS | VECT_TAB_OFFSET; /* Vector Table Relocation in Internal D2 AX
 290:Core/Src/system_stm32h7xx.c **** #endif /* USER_VECT_TAB_ADDRESS */
 291:Core/Src/system_stm32h7xx.c **** 
 292:Core/Src/system_stm32h7xx.c **** #else
 293:Core/Src/system_stm32h7xx.c ****   if(READ_BIT(RCC->AHB3ENR, RCC_AHB3ENR_FMCEN) == 0U)
 134              		.loc 1 293 3 is_stmt 1 view .LVU47
 135              		.loc 1 293 6 is_stmt 0 view .LVU48
 136 0080 D3F8D430 		ldr	r3, [r3, #212]
 137              		.loc 1 293 5 view .LVU49
 138 0084 13F4805F 		tst	r3, #4096
 139 0088 10D1     		bne	.L1
 294:Core/Src/system_stm32h7xx.c ****   {
 295:Core/Src/system_stm32h7xx.c ****     /* Enable the FMC interface clock */
 296:Core/Src/system_stm32h7xx.c ****     SET_BIT(RCC->AHB3ENR, RCC_AHB3ENR_FMCEN);
 140              		.loc 1 296 5 is_stmt 1 view .LVU50
 141 008a 0B4B     		ldr	r3, .L5+8
 142 008c D3F8D420 		ldr	r2, [r3, #212]
 143 0090 42F48052 		orr	r2, r2, #4096
 144 0094 C3F8D420 		str	r2, [r3, #212]
 297:Core/Src/system_stm32h7xx.c **** 
 298:Core/Src/system_stm32h7xx.c ****     /*
 299:Core/Src/system_stm32h7xx.c ****      * Disable the FMC bank1 (enabled after reset).
 300:Core/Src/system_stm32h7xx.c ****      * This, prevents CPU speculation access on this bank which blocks the use of FMC during
 301:Core/Src/system_stm32h7xx.c ****      * 24us. During this time the others FMC master (such as LTDC) cannot use it!
 302:Core/Src/system_stm32h7xx.c ****      */
 303:Core/Src/system_stm32h7xx.c ****     FMC_Bank1_R->BTCR[0] = 0x000030D2;
 145              		.loc 1 303 5 view .LVU51
 146              		.loc 1 303 26 is_stmt 0 view .LVU52
 147 0098 0C4A     		ldr	r2, .L5+28
 148 009a 43F2D201 		movw	r1, #12498
 149 009e 1160     		str	r1, [r2]
 304:Core/Src/system_stm32h7xx.c **** 
 305:Core/Src/system_stm32h7xx.c ****     /* Disable the FMC interface clock */
 306:Core/Src/system_stm32h7xx.c ****     CLEAR_BIT(RCC->AHB3ENR, RCC_AHB3ENR_FMCEN);
 150              		.loc 1 306 5 is_stmt 1 view .LVU53
 151 00a0 D3F8D420 		ldr	r2, [r3, #212]
ARM GAS  /var/folders/2r/ldzc7vgx4p51wnq3gxc1dn840000gn/T//ccTzIzT2.s 			page 9


 152 00a4 22F48052 		bic	r2, r2, #4096
 153 00a8 C3F8D420 		str	r2, [r3, #212]
 154              	.L1:
 307:Core/Src/system_stm32h7xx.c ****   }
 308:Core/Src/system_stm32h7xx.c **** 
 309:Core/Src/system_stm32h7xx.c ****   /* Configure the Vector Table location -------------------------------------*/
 310:Core/Src/system_stm32h7xx.c **** #if defined(USER_VECT_TAB_ADDRESS)
 311:Core/Src/system_stm32h7xx.c ****   SCB->VTOR = VECT_TAB_BASE_ADDRESS | VECT_TAB_OFFSET; /* Vector Table Relocation in Internal D1 AX
 312:Core/Src/system_stm32h7xx.c **** #endif /* USER_VECT_TAB_ADDRESS */
 313:Core/Src/system_stm32h7xx.c **** 
 314:Core/Src/system_stm32h7xx.c **** #endif /*DUAL_CORE && CORE_CM4*/
 315:Core/Src/system_stm32h7xx.c **** }
 155              		.loc 1 315 1 is_stmt 0 view .LVU54
 156 00ac 7047     		bx	lr
 157              	.L6:
 158 00ae 00BF     		.align	2
 159              	.L5:
 160 00b0 00ED00E0 		.word	-536810240
 161 00b4 00200052 		.word	1375739904
 162 00b8 00440258 		.word	1476543488
 163 00bc 7FEDF6EA 		.word	-352916097
 164 00c0 00020202 		.word	33686016
 165 00c4 0000FF01 		.word	33488896
 166 00c8 80020101 		.word	16843392
 167 00cc 00400052 		.word	1375748096
 168              		.cfi_endproc
 169              	.LFE350:
 171              		.section	.text.SystemCoreClockUpdate,"ax",%progbits
 172              		.align	1
 173              		.global	SystemCoreClockUpdate
 174              		.syntax unified
 175              		.thumb
 176              		.thumb_func
 178              	SystemCoreClockUpdate:
 179              	.LFB351:
 316:Core/Src/system_stm32h7xx.c **** 
 317:Core/Src/system_stm32h7xx.c **** /**
 318:Core/Src/system_stm32h7xx.c ****   * @brief  Update SystemCoreClock variable according to Clock Register Values.
 319:Core/Src/system_stm32h7xx.c ****   *         The SystemCoreClock variable contains the core clock , it can
 320:Core/Src/system_stm32h7xx.c ****   *         be used by the user application to setup the SysTick timer or configure
 321:Core/Src/system_stm32h7xx.c ****   *         other parameters.
 322:Core/Src/system_stm32h7xx.c ****   *
 323:Core/Src/system_stm32h7xx.c ****   * @note   Each time the core clock changes, this function must be called
 324:Core/Src/system_stm32h7xx.c ****   *         to update SystemCoreClock variable value. Otherwise, any configuration
 325:Core/Src/system_stm32h7xx.c ****   *         based on this variable will be incorrect.
 326:Core/Src/system_stm32h7xx.c ****   *
 327:Core/Src/system_stm32h7xx.c ****   * @note   - The system frequency computed by this function is not the real
 328:Core/Src/system_stm32h7xx.c ****   *           frequency in the chip. It is calculated based on the predefined
 329:Core/Src/system_stm32h7xx.c ****   *           constant and the selected clock source:
 330:Core/Src/system_stm32h7xx.c ****   *
 331:Core/Src/system_stm32h7xx.c ****   *           - If SYSCLK source is CSI, SystemCoreClock will contain the CSI_VALUE(*)
 332:Core/Src/system_stm32h7xx.c ****   *           - If SYSCLK source is HSI, SystemCoreClock will contain the HSI_VALUE(**)
 333:Core/Src/system_stm32h7xx.c ****   *           - If SYSCLK source is HSE, SystemCoreClock will contain the HSE_VALUE(***)
 334:Core/Src/system_stm32h7xx.c ****   *           - If SYSCLK source is PLL, SystemCoreClock will contain the CSI_VALUE(*),
 335:Core/Src/system_stm32h7xx.c ****   *             HSI_VALUE(**) or HSE_VALUE(***) multiplied/divided by the PLL factors.
 336:Core/Src/system_stm32h7xx.c ****   *
 337:Core/Src/system_stm32h7xx.c ****   *         (*) CSI_VALUE is a constant defined in stm32h7xx_hal.h file (default value
ARM GAS  /var/folders/2r/ldzc7vgx4p51wnq3gxc1dn840000gn/T//ccTzIzT2.s 			page 10


 338:Core/Src/system_stm32h7xx.c ****   *             4 MHz) but the real value may vary depending on the variations
 339:Core/Src/system_stm32h7xx.c ****   *             in voltage and temperature.
 340:Core/Src/system_stm32h7xx.c ****   *         (**) HSI_VALUE is a constant defined in stm32h7xx_hal.h file (default value
 341:Core/Src/system_stm32h7xx.c ****   *             64 MHz) but the real value may vary depending on the variations
 342:Core/Src/system_stm32h7xx.c ****   *             in voltage and temperature.
 343:Core/Src/system_stm32h7xx.c ****   *
 344:Core/Src/system_stm32h7xx.c ****   *         (***)HSE_VALUE is a constant defined in stm32h7xx_hal.h file (default value
 345:Core/Src/system_stm32h7xx.c ****   *              25 MHz), user has to ensure that HSE_VALUE is same as the real
 346:Core/Src/system_stm32h7xx.c ****   *              frequency of the crystal used. Otherwise, this function may
 347:Core/Src/system_stm32h7xx.c ****   *              have wrong result.
 348:Core/Src/system_stm32h7xx.c ****   *
 349:Core/Src/system_stm32h7xx.c ****   *         - The result of this function could be not correct when using fractional
 350:Core/Src/system_stm32h7xx.c ****   *           value for HSE crystal.
 351:Core/Src/system_stm32h7xx.c ****   * @param  None
 352:Core/Src/system_stm32h7xx.c ****   * @retval None
 353:Core/Src/system_stm32h7xx.c ****   */
 354:Core/Src/system_stm32h7xx.c **** void SystemCoreClockUpdate (void)
 355:Core/Src/system_stm32h7xx.c **** {
 180              		.loc 1 355 1 is_stmt 1 view -0
 181              		.cfi_startproc
 182              		@ args = 0, pretend = 0, frame = 0
 183              		@ frame_needed = 0, uses_anonymous_args = 0
 184              		@ link register save eliminated.
 185 0000 10B4     		push	{r4}
 186              	.LCFI0:
 187              		.cfi_def_cfa_offset 4
 188              		.cfi_offset 4, -4
 356:Core/Src/system_stm32h7xx.c ****   uint32_t pllp, pllsource, pllm, pllfracen, hsivalue, tmp;
 189              		.loc 1 356 3 view .LVU56
 357:Core/Src/system_stm32h7xx.c ****   uint32_t common_system_clock;
 190              		.loc 1 357 3 view .LVU57
 358:Core/Src/system_stm32h7xx.c ****   float_t fracn1, pllvco;
 191              		.loc 1 358 3 view .LVU58
 359:Core/Src/system_stm32h7xx.c **** 
 360:Core/Src/system_stm32h7xx.c **** 
 361:Core/Src/system_stm32h7xx.c ****   /* Get SYSCLK source -------------------------------------------------------*/
 362:Core/Src/system_stm32h7xx.c **** 
 363:Core/Src/system_stm32h7xx.c ****   switch (RCC->CFGR & RCC_CFGR_SWS)
 192              		.loc 1 363 3 view .LVU59
 193              		.loc 1 363 14 is_stmt 0 view .LVU60
 194 0002 7B4B     		ldr	r3, .L20
 195 0004 1B69     		ldr	r3, [r3, #16]
 196              		.loc 1 363 21 view .LVU61
 197 0006 03F03803 		and	r3, r3, #56
 198              		.loc 1 363 3 view .LVU62
 199 000a 182B     		cmp	r3, #24
 200 000c 00F2D280 		bhi	.L8
 201 0010 DFE813F0 		tbh	[pc, r3, lsl #1]
 202              	.L10:
 203 0014 1B00     		.2byte	(.L13-.L10)/2
 204 0016 D000     		.2byte	(.L8-.L10)/2
 205 0018 D000     		.2byte	(.L8-.L10)/2
 206 001a D000     		.2byte	(.L8-.L10)/2
 207 001c D000     		.2byte	(.L8-.L10)/2
 208 001e D000     		.2byte	(.L8-.L10)/2
 209 0020 D000     		.2byte	(.L8-.L10)/2
 210 0022 D000     		.2byte	(.L8-.L10)/2
ARM GAS  /var/folders/2r/ldzc7vgx4p51wnq3gxc1dn840000gn/T//ccTzIzT2.s 			page 11


 211 0024 1900     		.2byte	(.L12-.L10)/2
 212 0026 D000     		.2byte	(.L8-.L10)/2
 213 0028 D000     		.2byte	(.L8-.L10)/2
 214 002a D000     		.2byte	(.L8-.L10)/2
 215 002c D000     		.2byte	(.L8-.L10)/2
 216 002e D000     		.2byte	(.L8-.L10)/2
 217 0030 D000     		.2byte	(.L8-.L10)/2
 218 0032 D000     		.2byte	(.L8-.L10)/2
 219 0034 EC00     		.2byte	(.L18-.L10)/2
 220 0036 D000     		.2byte	(.L8-.L10)/2
 221 0038 D000     		.2byte	(.L8-.L10)/2
 222 003a D000     		.2byte	(.L8-.L10)/2
 223 003c D000     		.2byte	(.L8-.L10)/2
 224 003e D000     		.2byte	(.L8-.L10)/2
 225 0040 D000     		.2byte	(.L8-.L10)/2
 226 0042 D000     		.2byte	(.L8-.L10)/2
 227 0044 2200     		.2byte	(.L9-.L10)/2
 228              		.p2align 1
 229              	.L12:
 230 0046 6B4A     		ldr	r2, .L20+4
 231 0048 BAE0     		b	.L11
 232              	.L13:
 364:Core/Src/system_stm32h7xx.c ****   {
 365:Core/Src/system_stm32h7xx.c ****   case RCC_CFGR_SWS_HSI:  /* HSI used as system clock source */
 366:Core/Src/system_stm32h7xx.c ****     common_system_clock = (uint32_t) (HSI_VALUE >> ((RCC->CR & RCC_CR_HSIDIV)>> 3));
 233              		.loc 1 366 5 is_stmt 1 view .LVU63
 234              		.loc 1 366 57 is_stmt 0 view .LVU64
 235 004a 694B     		ldr	r3, .L20
 236 004c 1B68     		ldr	r3, [r3]
 237              		.loc 1 366 78 view .LVU65
 238 004e C3F3C103 		ubfx	r3, r3, #3, #2
 239              		.loc 1 366 25 view .LVU66
 240 0052 694A     		ldr	r2, .L20+8
 241 0054 DA40     		lsrs	r2, r2, r3
 242              	.LVL0:
 367:Core/Src/system_stm32h7xx.c ****     break;
 243              		.loc 1 367 5 is_stmt 1 view .LVU67
 244 0056 B3E0     		b	.L11
 245              	.LVL1:
 246              	.L9:
 368:Core/Src/system_stm32h7xx.c **** 
 369:Core/Src/system_stm32h7xx.c ****   case RCC_CFGR_SWS_CSI:  /* CSI used as system clock  source */
 370:Core/Src/system_stm32h7xx.c ****     common_system_clock = CSI_VALUE;
 371:Core/Src/system_stm32h7xx.c ****     break;
 372:Core/Src/system_stm32h7xx.c **** 
 373:Core/Src/system_stm32h7xx.c ****   case RCC_CFGR_SWS_HSE:  /* HSE used as system clock  source */
 374:Core/Src/system_stm32h7xx.c ****     common_system_clock = HSE_VALUE;
 375:Core/Src/system_stm32h7xx.c ****     break;
 376:Core/Src/system_stm32h7xx.c **** 
 377:Core/Src/system_stm32h7xx.c ****   case RCC_CFGR_SWS_PLL1:  /* PLL1 used as system clock  source */
 378:Core/Src/system_stm32h7xx.c **** 
 379:Core/Src/system_stm32h7xx.c ****     /* PLL_VCO = (HSE_VALUE or HSI_VALUE or CSI_VALUE/ PLLM) * PLLN
 380:Core/Src/system_stm32h7xx.c ****     SYSCLK = PLL_VCO / PLLR
 381:Core/Src/system_stm32h7xx.c ****     */
 382:Core/Src/system_stm32h7xx.c ****     pllsource = (RCC->PLLCKSELR & RCC_PLLCKSELR_PLLSRC);
 247              		.loc 1 382 5 view .LVU68
 248              		.loc 1 382 21 is_stmt 0 view .LVU69
ARM GAS  /var/folders/2r/ldzc7vgx4p51wnq3gxc1dn840000gn/T//ccTzIzT2.s 			page 12


 249 0058 654B     		ldr	r3, .L20
 250 005a 996A     		ldr	r1, [r3, #40]
 251              		.loc 1 382 15 view .LVU70
 252 005c 01F00301 		and	r1, r1, #3
 253              	.LVL2:
 383:Core/Src/system_stm32h7xx.c ****     pllm = ((RCC->PLLCKSELR & RCC_PLLCKSELR_DIVM1)>> 4)  ;
 254              		.loc 1 383 5 is_stmt 1 view .LVU71
 255              		.loc 1 383 17 is_stmt 0 view .LVU72
 256 0060 9C6A     		ldr	r4, [r3, #40]
 257              		.loc 1 383 10 view .LVU73
 258 0062 C4F30512 		ubfx	r2, r4, #4, #6
 259              	.LVL3:
 384:Core/Src/system_stm32h7xx.c ****     pllfracen = ((RCC->PLLCFGR & RCC_PLLCFGR_PLL1FRACEN)>>RCC_PLLCFGR_PLL1FRACEN_Pos);
 260              		.loc 1 384 5 is_stmt 1 view .LVU74
 261              		.loc 1 384 22 is_stmt 0 view .LVU75
 262 0066 D86A     		ldr	r0, [r3, #44]
 263              		.loc 1 384 15 view .LVU76
 264 0068 00F00100 		and	r0, r0, #1
 265              	.LVL4:
 385:Core/Src/system_stm32h7xx.c ****     fracn1 = (float_t)(uint32_t)(pllfracen* ((RCC->PLL1FRACR & RCC_PLL1FRACR_FRACN1)>> 3));
 266              		.loc 1 385 5 is_stmt 1 view .LVU77
 267              		.loc 1 385 50 is_stmt 0 view .LVU78
 268 006c 5B6B     		ldr	r3, [r3, #52]
 269              		.loc 1 385 85 view .LVU79
 270 006e C3F3CC03 		ubfx	r3, r3, #3, #13
 271              		.loc 1 385 23 view .LVU80
 272 0072 00FB03F3 		mul	r3, r0, r3
 273              		.loc 1 385 12 view .LVU81
 274 0076 07EE903A 		vmov	s15, r3	@ int
 275 007a F8EE677A 		vcvt.f32.u32	s15, s15
 276              	.LVL5:
 386:Core/Src/system_stm32h7xx.c **** 
 387:Core/Src/system_stm32h7xx.c ****     if (pllm != 0U)
 277              		.loc 1 387 5 is_stmt 1 view .LVU82
 278              		.loc 1 387 8 is_stmt 0 view .LVU83
 279 007e 14F47C7F 		tst	r4, #1008
 280 0082 00F09D80 		beq	.L11
 388:Core/Src/system_stm32h7xx.c ****     {
 389:Core/Src/system_stm32h7xx.c ****       switch (pllsource)
 281              		.loc 1 389 7 is_stmt 1 view .LVU84
 282 0086 0129     		cmp	r1, #1
 283 0088 36D0     		beq	.L14
 284 008a 0229     		cmp	r1, #2
 285 008c 51D0     		beq	.L15
 286 008e 0029     		cmp	r1, #0
 287 0090 6CD1     		bne	.L16
 390:Core/Src/system_stm32h7xx.c ****       {
 391:Core/Src/system_stm32h7xx.c ****         case RCC_PLLCKSELR_PLLSRC_HSI:  /* HSI used as PLL clock source */
 392:Core/Src/system_stm32h7xx.c **** 
 393:Core/Src/system_stm32h7xx.c ****         hsivalue = (HSI_VALUE >> ((RCC->CR & RCC_CR_HSIDIV)>> 3)) ;
 288              		.loc 1 393 9 view .LVU85
 289              		.loc 1 393 39 is_stmt 0 view .LVU86
 290 0092 5748     		ldr	r0, .L20
 291              	.LVL6:
 292              		.loc 1 393 39 view .LVU87
 293 0094 0168     		ldr	r1, [r0]
 294              	.LVL7:
ARM GAS  /var/folders/2r/ldzc7vgx4p51wnq3gxc1dn840000gn/T//ccTzIzT2.s 			page 13


 295              		.loc 1 393 60 view .LVU88
 296 0096 C1F3C101 		ubfx	r1, r1, #3, #2
 297              		.loc 1 393 18 view .LVU89
 298 009a 574B     		ldr	r3, .L20+8
 299 009c CB40     		lsrs	r3, r3, r1
 300              	.LVL8:
 394:Core/Src/system_stm32h7xx.c ****         pllvco = ( (float_t)hsivalue / (float_t)pllm) * ((float_t)(uint32_t)(RCC->PLL1DIVR & RCC_PL
 301              		.loc 1 394 9 is_stmt 1 view .LVU90
 302              		.loc 1 394 20 is_stmt 0 view .LVU91
 303 009e 07EE103A 		vmov	s14, r3	@ int
 304 00a2 F8EE476A 		vcvt.f32.u32	s13, s14
 305              		.loc 1 394 40 view .LVU92
 306 00a6 07EE102A 		vmov	s14, r2	@ int
 307 00aa B8EE476A 		vcvt.f32.u32	s12, s14
 308              		.loc 1 394 38 view .LVU93
 309 00ae 86EE867A 		vdiv.f32	s14, s13, s12
 310              		.loc 1 394 81 view .LVU94
 311 00b2 036B     		ldr	r3, [r0, #48]
 312              	.LVL9:
 313              		.loc 1 394 67 view .LVU95
 314 00b4 C3F30803 		ubfx	r3, r3, #0, #9
 315              		.loc 1 394 58 view .LVU96
 316 00b8 06EE903A 		vmov	s13, r3	@ int
 317 00bc F8EE666A 		vcvt.f32.u32	s13, s13
 318              		.loc 1 394 120 view .LVU97
 319 00c0 9FED4E6A 		vldr.32	s12, .L20+12
 320 00c4 67EE867A 		vmul.f32	s15, s15, s12
 321              	.LVL10:
 322              		.loc 1 394 111 view .LVU98
 323 00c8 76EEA77A 		vadd.f32	s15, s13, s15
 324              		.loc 1 394 138 view .LVU99
 325 00cc F7EE006A 		vmov.f32	s13, #1.0e+0
 326 00d0 77EEA67A 		vadd.f32	s15, s15, s13
 327              		.loc 1 394 16 view .LVU100
 328 00d4 27EE277A 		vmul.f32	s14, s14, s15
 329              	.LVL11:
 395:Core/Src/system_stm32h7xx.c **** 
 396:Core/Src/system_stm32h7xx.c ****         break;
 330              		.loc 1 396 9 is_stmt 1 view .LVU101
 331              	.L17:
 397:Core/Src/system_stm32h7xx.c **** 
 398:Core/Src/system_stm32h7xx.c ****         case RCC_PLLCKSELR_PLLSRC_CSI:  /* CSI used as PLL clock source */
 399:Core/Src/system_stm32h7xx.c ****           pllvco = ((float_t)CSI_VALUE / (float_t)pllm) * ((float_t)(uint32_t)(RCC->PLL1DIVR & RCC_
 400:Core/Src/system_stm32h7xx.c ****         break;
 401:Core/Src/system_stm32h7xx.c **** 
 402:Core/Src/system_stm32h7xx.c ****         case RCC_PLLCKSELR_PLLSRC_HSE:  /* HSE used as PLL clock source */
 403:Core/Src/system_stm32h7xx.c ****           pllvco = ((float_t)HSE_VALUE / (float_t)pllm) * ((float_t)(uint32_t)(RCC->PLL1DIVR & RCC_
 404:Core/Src/system_stm32h7xx.c ****         break;
 405:Core/Src/system_stm32h7xx.c **** 
 406:Core/Src/system_stm32h7xx.c ****       default:
 407:Core/Src/system_stm32h7xx.c ****           hsivalue = (HSI_VALUE >> ((RCC->CR & RCC_CR_HSIDIV)>> 3)) ;
 408:Core/Src/system_stm32h7xx.c ****           pllvco = ((float_t)hsivalue / (float_t)pllm) * ((float_t)(uint32_t)(RCC->PLL1DIVR & RCC_P
 409:Core/Src/system_stm32h7xx.c ****         break;
 410:Core/Src/system_stm32h7xx.c ****       }
 411:Core/Src/system_stm32h7xx.c ****       pllp = (((RCC->PLL1DIVR & RCC_PLL1DIVR_P1) >>9) + 1U ) ;
 332              		.loc 1 411 7 view .LVU102
 333              		.loc 1 411 20 is_stmt 0 view .LVU103
ARM GAS  /var/folders/2r/ldzc7vgx4p51wnq3gxc1dn840000gn/T//ccTzIzT2.s 			page 14


 334 00d8 454B     		ldr	r3, .L20
 335 00da 1B6B     		ldr	r3, [r3, #48]
 336              		.loc 1 411 50 view .LVU104
 337 00dc C3F34623 		ubfx	r3, r3, #9, #7
 338              		.loc 1 411 12 view .LVU105
 339 00e0 0133     		adds	r3, r3, #1
 340              	.LVL12:
 412:Core/Src/system_stm32h7xx.c ****       common_system_clock =  (uint32_t)(float_t)(pllvco/(float_t)pllp);
 341              		.loc 1 412 7 is_stmt 1 view .LVU106
 342              		.loc 1 412 57 is_stmt 0 view .LVU107
 343 00e2 07EE903A 		vmov	s15, r3	@ int
 344 00e6 F8EE677A 		vcvt.f32.u32	s15, s15
 345              		.loc 1 412 40 view .LVU108
 346 00ea C7EE276A 		vdiv.f32	s13, s14, s15
 347              		.loc 1 412 27 view .LVU109
 348 00ee FCEEE67A 		vcvt.u32.f32	s15, s13
 349 00f2 17EE902A 		vmov	r2, s15	@ int
 350              	.LVL13:
 351              		.loc 1 412 27 view .LVU110
 352 00f6 63E0     		b	.L11
 353              	.LVL14:
 354              	.L14:
 399:Core/Src/system_stm32h7xx.c ****         break;
 355              		.loc 1 399 11 is_stmt 1 view .LVU111
 399:Core/Src/system_stm32h7xx.c ****         break;
 356              		.loc 1 399 42 is_stmt 0 view .LVU112
 357 00f8 07EE102A 		vmov	s14, r2	@ int
 358 00fc F8EE476A 		vcvt.f32.u32	s13, s14
 399:Core/Src/system_stm32h7xx.c ****         break;
 359              		.loc 1 399 40 view .LVU113
 360 0100 9FED3F6A 		vldr.32	s12, .L20+16
 361 0104 86EE267A 		vdiv.f32	s14, s12, s13
 399:Core/Src/system_stm32h7xx.c ****         break;
 362              		.loc 1 399 83 view .LVU114
 363 0108 394B     		ldr	r3, .L20
 364 010a 1B6B     		ldr	r3, [r3, #48]
 399:Core/Src/system_stm32h7xx.c ****         break;
 365              		.loc 1 399 69 view .LVU115
 366 010c C3F30803 		ubfx	r3, r3, #0, #9
 399:Core/Src/system_stm32h7xx.c ****         break;
 367              		.loc 1 399 60 view .LVU116
 368 0110 06EE903A 		vmov	s13, r3	@ int
 369 0114 F8EE666A 		vcvt.f32.u32	s13, s13
 399:Core/Src/system_stm32h7xx.c ****         break;
 370              		.loc 1 399 122 view .LVU117
 371 0118 9FED386A 		vldr.32	s12, .L20+12
 372 011c 67EE867A 		vmul.f32	s15, s15, s12
 373              	.LVL15:
 399:Core/Src/system_stm32h7xx.c ****         break;
 374              		.loc 1 399 113 view .LVU118
 375 0120 76EEA77A 		vadd.f32	s15, s13, s15
 399:Core/Src/system_stm32h7xx.c ****         break;
 376              		.loc 1 399 140 view .LVU119
 377 0124 F7EE006A 		vmov.f32	s13, #1.0e+0
 378 0128 77EEA67A 		vadd.f32	s15, s15, s13
 399:Core/Src/system_stm32h7xx.c ****         break;
 379              		.loc 1 399 18 view .LVU120
ARM GAS  /var/folders/2r/ldzc7vgx4p51wnq3gxc1dn840000gn/T//ccTzIzT2.s 			page 15


 380 012c 27EE277A 		vmul.f32	s14, s14, s15
 381              	.LVL16:
 400:Core/Src/system_stm32h7xx.c **** 
 382              		.loc 1 400 9 is_stmt 1 view .LVU121
 383 0130 D2E7     		b	.L17
 384              	.LVL17:
 385              	.L15:
 403:Core/Src/system_stm32h7xx.c ****         break;
 386              		.loc 1 403 11 view .LVU122
 403:Core/Src/system_stm32h7xx.c ****         break;
 387              		.loc 1 403 42 is_stmt 0 view .LVU123
 388 0132 07EE102A 		vmov	s14, r2	@ int
 389 0136 F8EE476A 		vcvt.f32.u32	s13, s14
 403:Core/Src/system_stm32h7xx.c ****         break;
 390              		.loc 1 403 40 view .LVU124
 391 013a 9FED326A 		vldr.32	s12, .L20+20
 392 013e 86EE267A 		vdiv.f32	s14, s12, s13
 403:Core/Src/system_stm32h7xx.c ****         break;
 393              		.loc 1 403 83 view .LVU125
 394 0142 2B4B     		ldr	r3, .L20
 395 0144 1B6B     		ldr	r3, [r3, #48]
 403:Core/Src/system_stm32h7xx.c ****         break;
 396              		.loc 1 403 69 view .LVU126
 397 0146 C3F30803 		ubfx	r3, r3, #0, #9
 403:Core/Src/system_stm32h7xx.c ****         break;
 398              		.loc 1 403 60 view .LVU127
 399 014a 06EE903A 		vmov	s13, r3	@ int
 400 014e F8EE666A 		vcvt.f32.u32	s13, s13
 403:Core/Src/system_stm32h7xx.c ****         break;
 401              		.loc 1 403 122 view .LVU128
 402 0152 9FED2A6A 		vldr.32	s12, .L20+12
 403 0156 67EE867A 		vmul.f32	s15, s15, s12
 404              	.LVL18:
 403:Core/Src/system_stm32h7xx.c ****         break;
 405              		.loc 1 403 113 view .LVU129
 406 015a 76EEA77A 		vadd.f32	s15, s13, s15
 403:Core/Src/system_stm32h7xx.c ****         break;
 407              		.loc 1 403 140 view .LVU130
 408 015e F7EE006A 		vmov.f32	s13, #1.0e+0
 409 0162 77EEA67A 		vadd.f32	s15, s15, s13
 403:Core/Src/system_stm32h7xx.c ****         break;
 410              		.loc 1 403 18 view .LVU131
 411 0166 27EE277A 		vmul.f32	s14, s14, s15
 412              	.LVL19:
 404:Core/Src/system_stm32h7xx.c **** 
 413              		.loc 1 404 9 is_stmt 1 view .LVU132
 414 016a B5E7     		b	.L17
 415              	.LVL20:
 416              	.L16:
 407:Core/Src/system_stm32h7xx.c ****           pllvco = ((float_t)hsivalue / (float_t)pllm) * ((float_t)(uint32_t)(RCC->PLL1DIVR & RCC_P
 417              		.loc 1 407 11 view .LVU133
 407:Core/Src/system_stm32h7xx.c ****           pllvco = ((float_t)hsivalue / (float_t)pllm) * ((float_t)(uint32_t)(RCC->PLL1DIVR & RCC_P
 418              		.loc 1 407 41 is_stmt 0 view .LVU134
 419 016c 2048     		ldr	r0, .L20
 420              	.LVL21:
 407:Core/Src/system_stm32h7xx.c ****           pllvco = ((float_t)hsivalue / (float_t)pllm) * ((float_t)(uint32_t)(RCC->PLL1DIVR & RCC_P
 421              		.loc 1 407 41 view .LVU135
ARM GAS  /var/folders/2r/ldzc7vgx4p51wnq3gxc1dn840000gn/T//ccTzIzT2.s 			page 16


 422 016e 0168     		ldr	r1, [r0]
 423              	.LVL22:
 407:Core/Src/system_stm32h7xx.c ****           pllvco = ((float_t)hsivalue / (float_t)pllm) * ((float_t)(uint32_t)(RCC->PLL1DIVR & RCC_P
 424              		.loc 1 407 62 view .LVU136
 425 0170 C1F3C101 		ubfx	r1, r1, #3, #2
 407:Core/Src/system_stm32h7xx.c ****           pllvco = ((float_t)hsivalue / (float_t)pllm) * ((float_t)(uint32_t)(RCC->PLL1DIVR & RCC_P
 426              		.loc 1 407 20 view .LVU137
 427 0174 204B     		ldr	r3, .L20+8
 428 0176 CB40     		lsrs	r3, r3, r1
 429              	.LVL23:
 408:Core/Src/system_stm32h7xx.c ****         break;
 430              		.loc 1 408 11 is_stmt 1 view .LVU138
 408:Core/Src/system_stm32h7xx.c ****         break;
 431              		.loc 1 408 21 is_stmt 0 view .LVU139
 432 0178 07EE103A 		vmov	s14, r3	@ int
 433 017c F8EE476A 		vcvt.f32.u32	s13, s14
 408:Core/Src/system_stm32h7xx.c ****         break;
 434              		.loc 1 408 41 view .LVU140
 435 0180 07EE102A 		vmov	s14, r2	@ int
 436 0184 B8EE476A 		vcvt.f32.u32	s12, s14
 408:Core/Src/system_stm32h7xx.c ****         break;
 437              		.loc 1 408 39 view .LVU141
 438 0188 86EE867A 		vdiv.f32	s14, s13, s12
 408:Core/Src/system_stm32h7xx.c ****         break;
 439              		.loc 1 408 82 view .LVU142
 440 018c 036B     		ldr	r3, [r0, #48]
 441              	.LVL24:
 408:Core/Src/system_stm32h7xx.c ****         break;
 442              		.loc 1 408 68 view .LVU143
 443 018e C3F30803 		ubfx	r3, r3, #0, #9
 408:Core/Src/system_stm32h7xx.c ****         break;
 444              		.loc 1 408 59 view .LVU144
 445 0192 06EE903A 		vmov	s13, r3	@ int
 446 0196 F8EE666A 		vcvt.f32.u32	s13, s13
 408:Core/Src/system_stm32h7xx.c ****         break;
 447              		.loc 1 408 121 view .LVU145
 448 019a 9FED186A 		vldr.32	s12, .L20+12
 449 019e 67EE867A 		vmul.f32	s15, s15, s12
 450              	.LVL25:
 408:Core/Src/system_stm32h7xx.c ****         break;
 451              		.loc 1 408 112 view .LVU146
 452 01a2 76EEA77A 		vadd.f32	s15, s13, s15
 408:Core/Src/system_stm32h7xx.c ****         break;
 453              		.loc 1 408 139 view .LVU147
 454 01a6 F7EE006A 		vmov.f32	s13, #1.0e+0
 455 01aa 77EEA67A 		vadd.f32	s15, s15, s13
 408:Core/Src/system_stm32h7xx.c ****         break;
 456              		.loc 1 408 18 view .LVU148
 457 01ae 27EE277A 		vmul.f32	s14, s14, s15
 458              	.LVL26:
 409:Core/Src/system_stm32h7xx.c ****       }
 459              		.loc 1 409 9 is_stmt 1 view .LVU149
 460 01b2 91E7     		b	.L17
 461              	.LVL27:
 462              	.L8:
 413:Core/Src/system_stm32h7xx.c ****     }
 414:Core/Src/system_stm32h7xx.c ****     else
ARM GAS  /var/folders/2r/ldzc7vgx4p51wnq3gxc1dn840000gn/T//ccTzIzT2.s 			page 17


 415:Core/Src/system_stm32h7xx.c ****     {
 416:Core/Src/system_stm32h7xx.c ****       common_system_clock = 0U;
 417:Core/Src/system_stm32h7xx.c ****     }
 418:Core/Src/system_stm32h7xx.c ****     break;
 419:Core/Src/system_stm32h7xx.c **** 
 420:Core/Src/system_stm32h7xx.c ****   default:
 421:Core/Src/system_stm32h7xx.c ****     common_system_clock = (uint32_t) (HSI_VALUE >> ((RCC->CR & RCC_CR_HSIDIV)>> 3));
 463              		.loc 1 421 5 view .LVU150
 464              		.loc 1 421 57 is_stmt 0 view .LVU151
 465 01b4 0E4B     		ldr	r3, .L20
 466 01b6 1B68     		ldr	r3, [r3]
 467              		.loc 1 421 78 view .LVU152
 468 01b8 C3F3C103 		ubfx	r3, r3, #3, #2
 469              		.loc 1 421 25 view .LVU153
 470 01bc 0E4A     		ldr	r2, .L20+8
 471 01be DA40     		lsrs	r2, r2, r3
 472              	.LVL28:
 422:Core/Src/system_stm32h7xx.c ****     break;
 473              		.loc 1 422 5 is_stmt 1 view .LVU154
 474              	.L11:
 423:Core/Src/system_stm32h7xx.c ****   }
 424:Core/Src/system_stm32h7xx.c **** 
 425:Core/Src/system_stm32h7xx.c ****   /* Compute SystemClock frequency --------------------------------------------------*/
 426:Core/Src/system_stm32h7xx.c **** #if defined (RCC_D1CFGR_D1CPRE)
 427:Core/Src/system_stm32h7xx.c ****   tmp = D1CorePrescTable[(RCC->D1CFGR & RCC_D1CFGR_D1CPRE)>> RCC_D1CFGR_D1CPRE_Pos];
 475              		.loc 1 427 3 view .LVU155
 476              		.loc 1 427 30 is_stmt 0 view .LVU156
 477 01c0 0B48     		ldr	r0, .L20
 478 01c2 8369     		ldr	r3, [r0, #24]
 479              		.loc 1 427 59 view .LVU157
 480 01c4 C3F30323 		ubfx	r3, r3, #8, #4
 481              		.loc 1 427 25 view .LVU158
 482 01c8 0F49     		ldr	r1, .L20+24
 483 01ca CB5C     		ldrb	r3, [r1, r3]	@ zero_extendqisi2
 484              	.LVL29:
 428:Core/Src/system_stm32h7xx.c **** 
 429:Core/Src/system_stm32h7xx.c ****   /* common_system_clock frequency : CM7 CPU frequency  */
 430:Core/Src/system_stm32h7xx.c ****   common_system_clock >>= tmp;
 485              		.loc 1 430 3 is_stmt 1 view .LVU159
 486              		.loc 1 430 23 is_stmt 0 view .LVU160
 487 01cc DA40     		lsrs	r2, r2, r3
 488              	.LVL30:
 431:Core/Src/system_stm32h7xx.c **** 
 432:Core/Src/system_stm32h7xx.c ****   /* SystemD2Clock frequency : CM4 CPU, AXI and AHBs Clock frequency  */
 433:Core/Src/system_stm32h7xx.c ****   SystemD2Clock = (common_system_clock >> ((D1CorePrescTable[(RCC->D1CFGR & RCC_D1CFGR_HPRE)>> RCC_
 489              		.loc 1 433 3 is_stmt 1 view .LVU161
 490              		.loc 1 433 66 is_stmt 0 view .LVU162
 491 01ce 8369     		ldr	r3, [r0, #24]
 492              	.LVL31:
 493              		.loc 1 433 93 view .LVU163
 494 01d0 03F00F03 		and	r3, r3, #15
 495              		.loc 1 433 61 view .LVU164
 496 01d4 CB5C     		ldrb	r3, [r1, r3]	@ zero_extendqisi2
 497              		.loc 1 433 118 view .LVU165
 498 01d6 03F01F03 		and	r3, r3, #31
 499              		.loc 1 433 40 view .LVU166
 500 01da 22FA03F3 		lsr	r3, r2, r3
ARM GAS  /var/folders/2r/ldzc7vgx4p51wnq3gxc1dn840000gn/T//ccTzIzT2.s 			page 18


 501              		.loc 1 433 17 view .LVU167
 502 01de 0B49     		ldr	r1, .L20+28
 503              		.loc 1 433 17 view .LVU168
 504 01e0 0B60     		str	r3, [r1]
 434:Core/Src/system_stm32h7xx.c **** 
 435:Core/Src/system_stm32h7xx.c **** #else
 436:Core/Src/system_stm32h7xx.c ****   tmp = D1CorePrescTable[(RCC->CDCFGR1 & RCC_CDCFGR1_CDCPRE)>> RCC_CDCFGR1_CDCPRE_Pos];
 437:Core/Src/system_stm32h7xx.c **** 
 438:Core/Src/system_stm32h7xx.c ****   /* common_system_clock frequency : CM7 CPU frequency  */
 439:Core/Src/system_stm32h7xx.c ****   common_system_clock >>= tmp;
 440:Core/Src/system_stm32h7xx.c **** 
 441:Core/Src/system_stm32h7xx.c ****   /* SystemD2Clock frequency : AXI and AHBs Clock frequency  */
 442:Core/Src/system_stm32h7xx.c ****   SystemD2Clock = (common_system_clock >> ((D1CorePrescTable[(RCC->CDCFGR1 & RCC_CDCFGR1_HPRE)>> RC
 443:Core/Src/system_stm32h7xx.c **** 
 444:Core/Src/system_stm32h7xx.c **** #endif
 445:Core/Src/system_stm32h7xx.c **** 
 446:Core/Src/system_stm32h7xx.c **** #if defined(DUAL_CORE) && defined(CORE_CM4)
 447:Core/Src/system_stm32h7xx.c ****   SystemCoreClock = SystemD2Clock;
 448:Core/Src/system_stm32h7xx.c **** #else
 449:Core/Src/system_stm32h7xx.c ****   SystemCoreClock = common_system_clock;
 505              		.loc 1 449 3 is_stmt 1 view .LVU169
 506              		.loc 1 449 19 is_stmt 0 view .LVU170
 507 01e2 0B4B     		ldr	r3, .L20+32
 508 01e4 1A60     		str	r2, [r3]
 450:Core/Src/system_stm32h7xx.c **** #endif /* DUAL_CORE && CORE_CM4 */
 451:Core/Src/system_stm32h7xx.c **** }
 509              		.loc 1 451 1 view .LVU171
 510 01e6 5DF8044B 		ldr	r4, [sp], #4
 511              	.LCFI1:
 512              		.cfi_remember_state
 513              		.cfi_restore 4
 514              		.cfi_def_cfa_offset 0
 515 01ea 7047     		bx	lr
 516              	.LVL32:
 517              	.L18:
 518              	.LCFI2:
 519              		.cfi_restore_state
 374:Core/Src/system_stm32h7xx.c ****     break;
 520              		.loc 1 374 25 view .LVU172
 521 01ec 094A     		ldr	r2, .L20+36
 522 01ee E7E7     		b	.L11
 523              	.L21:
 524              		.align	2
 525              	.L20:
 526 01f0 00440258 		.word	1476543488
 527 01f4 00093D00 		.word	4000000
 528 01f8 0090D003 		.word	64000000
 529 01fc 00000039 		.word	956301312
 530 0200 0024744A 		.word	1249125376
 531 0204 20BCBE4B 		.word	1270791200
 532 0208 00000000 		.word	D1CorePrescTable
 533 020c 00000000 		.word	SystemD2Clock
 534 0210 00000000 		.word	SystemCoreClock
 535 0214 40787D01 		.word	25000000
 536              		.cfi_endproc
 537              	.LFE351:
 539              		.section	.text.ExitRun0Mode,"ax",%progbits
ARM GAS  /var/folders/2r/ldzc7vgx4p51wnq3gxc1dn840000gn/T//ccTzIzT2.s 			page 19


 540              		.align	1
 541              		.global	ExitRun0Mode
 542              		.syntax unified
 543              		.thumb
 544              		.thumb_func
 546              	ExitRun0Mode:
 547              	.LFB352:
 452:Core/Src/system_stm32h7xx.c **** 
 453:Core/Src/system_stm32h7xx.c **** /**
 454:Core/Src/system_stm32h7xx.c ****   * @brief  Exit Run* mode and Configure the system Power Supply
 455:Core/Src/system_stm32h7xx.c ****   *
 456:Core/Src/system_stm32h7xx.c ****   * @note   This function exits the Run* mode and configures the system power supply
 457:Core/Src/system_stm32h7xx.c ****   *         according to the definition to be used at compilation preprocessing level.
 458:Core/Src/system_stm32h7xx.c ****   *         The application shall set one of the following configuration option:
 459:Core/Src/system_stm32h7xx.c ****   *           - PWR_LDO_SUPPLY
 460:Core/Src/system_stm32h7xx.c ****   *           - PWR_DIRECT_SMPS_SUPPLY
 461:Core/Src/system_stm32h7xx.c ****   *           - PWR_EXTERNAL_SOURCE_SUPPLY
 462:Core/Src/system_stm32h7xx.c ****   *           - PWR_SMPS_1V8_SUPPLIES_LDO
 463:Core/Src/system_stm32h7xx.c ****   *           - PWR_SMPS_2V5_SUPPLIES_LDO
 464:Core/Src/system_stm32h7xx.c ****   *           - PWR_SMPS_1V8_SUPPLIES_EXT_AND_LDO
 465:Core/Src/system_stm32h7xx.c ****   *           - PWR_SMPS_2V5_SUPPLIES_EXT_AND_LDO
 466:Core/Src/system_stm32h7xx.c ****   *           - PWR_SMPS_1V8_SUPPLIES_EXT
 467:Core/Src/system_stm32h7xx.c ****   *           - PWR_SMPS_2V5_SUPPLIES_EXT
 468:Core/Src/system_stm32h7xx.c ****   *
 469:Core/Src/system_stm32h7xx.c ****   * @note   The function modifies the PWR->CR3 register to enable or disable specific
 470:Core/Src/system_stm32h7xx.c ****   *         power supply modes and waits until the voltage level flag is set, indicating
 471:Core/Src/system_stm32h7xx.c ****   *         that the power supply configuration is stable.
 472:Core/Src/system_stm32h7xx.c ****   *
 473:Core/Src/system_stm32h7xx.c ****   * @param  None
 474:Core/Src/system_stm32h7xx.c ****   * @retval None
 475:Core/Src/system_stm32h7xx.c ****   */
 476:Core/Src/system_stm32h7xx.c **** void ExitRun0Mode(void)
 477:Core/Src/system_stm32h7xx.c **** {
 548              		.loc 1 477 1 is_stmt 1 view -0
 549              		.cfi_startproc
 550              		@ args = 0, pretend = 0, frame = 0
 551              		@ frame_needed = 0, uses_anonymous_args = 0
 552              		@ link register save eliminated.
 478:Core/Src/system_stm32h7xx.c **** #if defined(USE_PWR_LDO_SUPPLY)
 479:Core/Src/system_stm32h7xx.c ****   #if defined(SMPS)
 480:Core/Src/system_stm32h7xx.c ****     /* Exit Run* mode by disabling SMPS and enabling LDO */
 481:Core/Src/system_stm32h7xx.c ****     PWR->CR3 = (PWR->CR3 & ~PWR_CR3_SMPSEN) | PWR_CR3_LDOEN;
 482:Core/Src/system_stm32h7xx.c ****   #else
 483:Core/Src/system_stm32h7xx.c ****     /* Enable LDO mode */
 484:Core/Src/system_stm32h7xx.c ****     PWR->CR3 |= PWR_CR3_LDOEN;
 553              		.loc 1 484 5 view .LVU174
 554              		.loc 1 484 8 is_stmt 0 view .LVU175
 555 0000 054A     		ldr	r2, .L24
 556 0002 D368     		ldr	r3, [r2, #12]
 557              		.loc 1 484 14 view .LVU176
 558 0004 43F00203 		orr	r3, r3, #2
 559 0008 D360     		str	r3, [r2, #12]
 485:Core/Src/system_stm32h7xx.c ****   #endif /* SMPS */
 486:Core/Src/system_stm32h7xx.c ****   /* Wait till voltage level flag is set */
 487:Core/Src/system_stm32h7xx.c ****   while ((PWR->CSR1 & PWR_CSR1_ACTVOSRDY) == 0U)
 560              		.loc 1 487 3 is_stmt 1 view .LVU177
 561              	.L23:
ARM GAS  /var/folders/2r/ldzc7vgx4p51wnq3gxc1dn840000gn/T//ccTzIzT2.s 			page 20


 488:Core/Src/system_stm32h7xx.c ****   {}
 562              		.loc 1 488 4 view .LVU178
 487:Core/Src/system_stm32h7xx.c ****   {}
 563              		.loc 1 487 43 discriminator 1 view .LVU179
 487:Core/Src/system_stm32h7xx.c ****   {}
 564              		.loc 1 487 14 is_stmt 0 discriminator 1 view .LVU180
 565 000a 034B     		ldr	r3, .L24
 566 000c 5B68     		ldr	r3, [r3, #4]
 487:Core/Src/system_stm32h7xx.c ****   {}
 567              		.loc 1 487 43 discriminator 1 view .LVU181
 568 000e 13F4005F 		tst	r3, #8192
 569 0012 FAD0     		beq	.L23
 489:Core/Src/system_stm32h7xx.c **** #elif defined(USE_PWR_EXTERNAL_SOURCE_SUPPLY)
 490:Core/Src/system_stm32h7xx.c ****   #if defined(SMPS)
 491:Core/Src/system_stm32h7xx.c ****     /* Exit Run* mode */
 492:Core/Src/system_stm32h7xx.c ****     PWR->CR3 = (PWR->CR3 & ~(PWR_CR3_SMPSEN | PWR_CR3_LDOEN)) | PWR_CR3_BYPASS;
 493:Core/Src/system_stm32h7xx.c ****   #else
 494:Core/Src/system_stm32h7xx.c ****     PWR->CR3 = (PWR->CR3 & ~(PWR_CR3_LDOEN)) | PWR_CR3_BYPASS;
 495:Core/Src/system_stm32h7xx.c ****   #endif /* SMPS */
 496:Core/Src/system_stm32h7xx.c ****   /* Wait till voltage level flag is set */
 497:Core/Src/system_stm32h7xx.c ****   while ((PWR->CSR1 & PWR_CSR1_ACTVOSRDY) == 0U)
 498:Core/Src/system_stm32h7xx.c ****   {}
 499:Core/Src/system_stm32h7xx.c **** #elif defined(USE_PWR_DIRECT_SMPS_SUPPLY) && defined(SMPS)
 500:Core/Src/system_stm32h7xx.c ****   /* Exit Run* mode */
 501:Core/Src/system_stm32h7xx.c ****   PWR->CR3 &= ~(PWR_CR3_LDOEN);
 502:Core/Src/system_stm32h7xx.c ****   /* Wait till voltage level flag is set */
 503:Core/Src/system_stm32h7xx.c ****   while ((PWR->CSR1 & PWR_CSR1_ACTVOSRDY) == 0U)
 504:Core/Src/system_stm32h7xx.c ****   {}
 505:Core/Src/system_stm32h7xx.c **** #elif defined(USE_PWR_SMPS_1V8_SUPPLIES_LDO) && defined(SMPS)
 506:Core/Src/system_stm32h7xx.c ****   /* Exit Run* mode */
 507:Core/Src/system_stm32h7xx.c ****   PWR->CR3 |= PWR_CR3_SMPSLEVEL_0 | PWR_CR3_SMPSEN | PWR_CR3_LDOEN;
 508:Core/Src/system_stm32h7xx.c ****   /* Wait till voltage level flag is set */
 509:Core/Src/system_stm32h7xx.c ****   while ((PWR->CSR1 & PWR_CSR1_ACTVOSRDY) == 0U)
 510:Core/Src/system_stm32h7xx.c ****   {}
 511:Core/Src/system_stm32h7xx.c **** #elif defined(USE_PWR_SMPS_2V5_SUPPLIES_LDO) && defined(SMPS)
 512:Core/Src/system_stm32h7xx.c ****   /* Exit Run* mode */
 513:Core/Src/system_stm32h7xx.c ****   PWR->CR3 |= PWR_CR3_SMPSLEVEL_1 | PWR_CR3_SMPSEN | PWR_CR3_LDOEN;
 514:Core/Src/system_stm32h7xx.c ****   /* Wait till voltage level flag is set */
 515:Core/Src/system_stm32h7xx.c ****   while ((PWR->CSR1 & PWR_CSR1_ACTVOSRDY) == 0U)
 516:Core/Src/system_stm32h7xx.c ****   {}
 517:Core/Src/system_stm32h7xx.c **** #elif defined(USE_PWR_SMPS_1V8_SUPPLIES_EXT_AND_LDO) && defined(SMPS)
 518:Core/Src/system_stm32h7xx.c ****   /* Exit Run* mode */
 519:Core/Src/system_stm32h7xx.c ****   PWR->CR3 |= PWR_CR3_SMPSLEVEL_0 | PWR_CR3_SMPSEXTHP | PWR_CR3_SMPSEN | PWR_CR3_LDOEN;
 520:Core/Src/system_stm32h7xx.c ****   /* Wait till voltage level flag is set */
 521:Core/Src/system_stm32h7xx.c ****   while ((PWR->CSR1 & PWR_CSR1_ACTVOSRDY) == 0U)
 522:Core/Src/system_stm32h7xx.c ****   {}
 523:Core/Src/system_stm32h7xx.c **** #elif defined(USE_PWR_SMPS_2V5_SUPPLIES_EXT_AND_LDO) && defined(SMPS)
 524:Core/Src/system_stm32h7xx.c ****   /* Exit Run* mode */
 525:Core/Src/system_stm32h7xx.c ****   PWR->CR3 |= PWR_CR3_SMPSLEVEL_1 | PWR_CR3_SMPSEXTHP | PWR_CR3_SMPSEN | PWR_CR3_LDOEN;
 526:Core/Src/system_stm32h7xx.c ****   /* Wait till voltage level flag is set */
 527:Core/Src/system_stm32h7xx.c ****   while ((PWR->CSR1 & PWR_CSR1_ACTVOSRDY) == 0U)
 528:Core/Src/system_stm32h7xx.c ****   {}
 529:Core/Src/system_stm32h7xx.c **** #elif defined(USE_PWR_SMPS_1V8_SUPPLIES_EXT) && defined(SMPS)
 530:Core/Src/system_stm32h7xx.c ****   /* Exit Run* mode */
 531:Core/Src/system_stm32h7xx.c ****   PWR->CR3 = (PWR->CR3 & ~(PWR_CR3_LDOEN)) | PWR_CR3_SMPSLEVEL_0 | PWR_CR3_SMPSEXTHP | PWR_CR3_SMPS
 532:Core/Src/system_stm32h7xx.c ****   /* Wait till voltage level flag is set */
 533:Core/Src/system_stm32h7xx.c ****   while ((PWR->CSR1 & PWR_CSR1_ACTVOSRDY) == 0U)
ARM GAS  /var/folders/2r/ldzc7vgx4p51wnq3gxc1dn840000gn/T//ccTzIzT2.s 			page 21


 534:Core/Src/system_stm32h7xx.c ****   {}
 535:Core/Src/system_stm32h7xx.c **** #elif defined(USE_PWR_SMPS_2V5_SUPPLIES_EXT) && defined(SMPS)
 536:Core/Src/system_stm32h7xx.c ****   /* Exit Run* mode */
 537:Core/Src/system_stm32h7xx.c ****   PWR->CR3 = (PWR->CR3 & ~(PWR_CR3_LDOEN)) | PWR_CR3_SMPSLEVEL_1 | PWR_CR3_SMPSEXTHP | PWR_CR3_SMPS
 538:Core/Src/system_stm32h7xx.c ****   /* Wait till voltage level flag is set */
 539:Core/Src/system_stm32h7xx.c ****   while ((PWR->CSR1 & PWR_CSR1_ACTVOSRDY) == 0U)
 540:Core/Src/system_stm32h7xx.c ****   {}
 541:Core/Src/system_stm32h7xx.c **** #else
 542:Core/Src/system_stm32h7xx.c ****   /* No system power supply configuration is selected at exit Run* mode */
 543:Core/Src/system_stm32h7xx.c **** #endif /* USE_PWR_LDO_SUPPLY */
 544:Core/Src/system_stm32h7xx.c **** }
 570              		.loc 1 544 1 view .LVU182
 571 0014 7047     		bx	lr
 572              	.L25:
 573 0016 00BF     		.align	2
 574              	.L24:
 575 0018 00480258 		.word	1476544512
 576              		.cfi_endproc
 577              	.LFE352:
 579              		.global	D1CorePrescTable
 580              		.section	.rodata.D1CorePrescTable,"a"
 581              		.align	2
 584              	D1CorePrescTable:
 585 0000 00000000 		.ascii	"\000\000\000\000\001\002\003\004\001\002\003\004\006"
 585      01020304 
 585      01020304 
 585      06
 586 000d 070809   		.ascii	"\007\010\011"
 587              		.global	SystemD2Clock
 588              		.section	.data.SystemD2Clock,"aw"
 589              		.align	2
 592              	SystemD2Clock:
 593 0000 0090D003 		.word	64000000
 594              		.global	SystemCoreClock
 595              		.section	.data.SystemCoreClock,"aw"
 596              		.align	2
 599              	SystemCoreClock:
 600 0000 0090D003 		.word	64000000
 601              		.text
 602              	.Letext0:
 603              		.file 2 "/Applications/ArmGNUToolchain/14.2.rel1/arm-none-eabi/arm-none-eabi/include/machine/_defa
 604              		.file 3 "/Applications/ArmGNUToolchain/14.2.rel1/arm-none-eabi/arm-none-eabi/include/sys/_stdint.h
 605              		.file 4 "Drivers/CMSIS/Include/core_cm7.h"
 606              		.file 5 "Drivers/CMSIS/Device/ST/STM32H7xx/Include/system_stm32h7xx.h"
 607              		.file 6 "Drivers/CMSIS/Device/ST/STM32H7xx/Include/stm32h723xx.h"
 608              		.file 7 "/Applications/ArmGNUToolchain/14.2.rel1/arm-none-eabi/arm-none-eabi/include/math.h"
ARM GAS  /var/folders/2r/ldzc7vgx4p51wnq3gxc1dn840000gn/T//ccTzIzT2.s 			page 22


DEFINED SYMBOLS
                            *ABS*:00000000 system_stm32h7xx.c
/var/folders/2r/ldzc7vgx4p51wnq3gxc1dn840000gn/T//ccTzIzT2.s:20     .text.SystemInit:00000000 $t
/var/folders/2r/ldzc7vgx4p51wnq3gxc1dn840000gn/T//ccTzIzT2.s:26     .text.SystemInit:00000000 SystemInit
/var/folders/2r/ldzc7vgx4p51wnq3gxc1dn840000gn/T//ccTzIzT2.s:160    .text.SystemInit:000000b0 $d
/var/folders/2r/ldzc7vgx4p51wnq3gxc1dn840000gn/T//ccTzIzT2.s:172    .text.SystemCoreClockUpdate:00000000 $t
/var/folders/2r/ldzc7vgx4p51wnq3gxc1dn840000gn/T//ccTzIzT2.s:178    .text.SystemCoreClockUpdate:00000000 SystemCoreClockUpdate
/var/folders/2r/ldzc7vgx4p51wnq3gxc1dn840000gn/T//ccTzIzT2.s:203    .text.SystemCoreClockUpdate:00000014 $d
/var/folders/2r/ldzc7vgx4p51wnq3gxc1dn840000gn/T//ccTzIzT2.s:228    .text.SystemCoreClockUpdate:00000046 $t
/var/folders/2r/ldzc7vgx4p51wnq3gxc1dn840000gn/T//ccTzIzT2.s:526    .text.SystemCoreClockUpdate:000001f0 $d
/var/folders/2r/ldzc7vgx4p51wnq3gxc1dn840000gn/T//ccTzIzT2.s:584    .rodata.D1CorePrescTable:00000000 D1CorePrescTable
/var/folders/2r/ldzc7vgx4p51wnq3gxc1dn840000gn/T//ccTzIzT2.s:592    .data.SystemD2Clock:00000000 SystemD2Clock
/var/folders/2r/ldzc7vgx4p51wnq3gxc1dn840000gn/T//ccTzIzT2.s:599    .data.SystemCoreClock:00000000 SystemCoreClock
/var/folders/2r/ldzc7vgx4p51wnq3gxc1dn840000gn/T//ccTzIzT2.s:540    .text.ExitRun0Mode:00000000 $t
/var/folders/2r/ldzc7vgx4p51wnq3gxc1dn840000gn/T//ccTzIzT2.s:546    .text.ExitRun0Mode:00000000 ExitRun0Mode
/var/folders/2r/ldzc7vgx4p51wnq3gxc1dn840000gn/T//ccTzIzT2.s:575    .text.ExitRun0Mode:00000018 $d
/var/folders/2r/ldzc7vgx4p51wnq3gxc1dn840000gn/T//ccTzIzT2.s:581    .rodata.D1CorePrescTable:00000000 $d
/var/folders/2r/ldzc7vgx4p51wnq3gxc1dn840000gn/T//ccTzIzT2.s:589    .data.SystemD2Clock:00000000 $d
/var/folders/2r/ldzc7vgx4p51wnq3gxc1dn840000gn/T//ccTzIzT2.s:596    .data.SystemCoreClock:00000000 $d

NO UNDEFINED SYMBOLS
